<?xml version="1.0" encoding="UTF-8"?>
<!-- Generated by org.testng.reporters.JUnitReportReporter -->
<testsuite hostname="INCNU4289YK4" name="DynamicJson" tests="3" failures="0" timestamp="18 Jun 2020 10:21:11 GMT" time="8.746" errors="0">
  <testcase name="addBook" time="6.356" classname="DynamicJson"/>
  <testcase name="addBook" time="1.226" classname="DynamicJson"/>
  <testcase name="addBook" time="1.164" classname="DynamicJson"/>
</testsuite> <!-- DynamicJson -->
