<?xml version="1.0" encoding="UTF-8"?>
<!-- Generated by org.testng.reporters.JUnitReportReporter -->
<testsuite hostname="INCNU4289YK4" name="StaticJson" tests="1" failures="0" timestamp="18 Jun 2020 10:55:17 GMT" time="6.098" errors="0">
  <testcase name="addBook" time="6.098" classname="StaticJson"/>
</testsuite> <!-- StaticJson -->
