<?xml version="1.0" encoding="UTF-8"?>
<!-- Generated by org.testng.reporters.JUnitReportReporter -->
<testsuite hostname="INCNU4289YK4" name="SumValidation" tests="1" failures="0" timestamp="16 Jun 2020 08:30:58 GMT" time="3.911" errors="0">
  <testcase name="sumOfCourses" time="3.911" classname="SumValidation"/>
</testsuite> <!-- SumValidation -->
